[Fri, 07 Mar 14 23:03:28 -0800][DEBUG] SELECT IF(COUNT(*)>0, 1 , 0) FROM `INFORMATION_SCHEMA`.`TABLES` WHERE `TABLE_NAME`='users'
[Fri, 07 Mar 14 23:03:28 -0800][DEBUG] DESCRIBE `users`
[Fri, 07 Mar 14 23:04:06 -0800][DEBUG] SELECT IF(COUNT(*)>0, 1 , 0) FROM `INFORMATION_SCHEMA`.`TABLES` WHERE `TABLE_NAME`='questions'
[Fri, 07 Mar 14 23:04:06 -0800][DEBUG] DESCRIBE `questions`
[Fri, 07 Mar 14 23:04:06 -0800][DEBUG] SELECT `questions`.`question_id`, `questions`.`questionModuleID`, `questions`.`questionText`, `questions`.`questionOptions`, `questions`.`questionMarks` FROM `questions`
[Fri, 07 Mar 14 23:04:12 -0800][DEBUG] SELECT `questions`.`question_id`, `questions`.`questionModuleID`, `questions`.`questionText`, `questions`.`questionOptions`, `questions`.`questionMarks` FROM `questions`
[Fri, 07 Mar 14 23:06:07 -0800][DEBUG] SELECT IF(COUNT(*)>0, 1 , 0) FROM `INFORMATION_SCHEMA`.`TABLES` WHERE `TABLE_NAME`='users'
[Fri, 07 Mar 14 23:06:07 -0800][DEBUG] DESCRIBE `users`
[Fri, 07 Mar 14 23:06:07 -0800][DEBUG] INSERT INTO `users` (`userName`, `userUsername`, `userPassword`, `mustChangePassword`, `userProfilesId`, `userSecretKey`, `userIsActive`, `userIsBanned`, `userIsSuspended`) VALUES (?, ?, ?, null, ?, null, ?, ?, ?)
[Fri, 07 Mar 14 23:06:50 -0800][DEBUG] INSERT INTO `users` (`userName`, `userUsername`, `userPassword`, `mustChangePassword`, `userProfilesId`, `userSecretKey`, `userIsActive`, `userIsBanned`, `userIsSuspended`) VALUES (?, ?, ?, null, ?, null, ?, ?, ?)
[Fri, 07 Mar 14 23:10:46 -0800][DEBUG] SELECT IF(COUNT(*)>0, 1 , 0) FROM `INFORMATION_SCHEMA`.`TABLES` WHERE `TABLE_NAME`='questions'
[Fri, 07 Mar 14 23:10:46 -0800][DEBUG] DESCRIBE `questions`
[Fri, 07 Mar 14 23:10:46 -0800][DEBUG] SELECT `questions`.`question_id`, `questions`.`questionModuleID`, `questions`.`questionText`, `questions`.`questionOptions`, `questions`.`questionMarks` FROM `questions`
[Fri, 07 Mar 14 23:11:44 -0800][DEBUG] SELECT `questions`.`question_id`, `questions`.`questionModuleID`, `questions`.`questionText`, `questions`.`questionOptions`, `questions`.`questionMarks` FROM `questions`
[Fri, 07 Mar 14 23:12:03 -0800][DEBUG] SELECT `questions`.`question_id`, `questions`.`questionModuleID`, `questions`.`questionText`, `questions`.`questionOptions`, `questions`.`questionMarks` FROM `questions`
[Fri, 07 Mar 14 23:12:22 -0800][DEBUG] SELECT `questions`.`question_id`, `questions`.`questionModuleID`, `questions`.`questionText`, `questions`.`questionOptions`, `questions`.`questionMarks` FROM `questions`
[Fri, 07 Mar 14 23:13:59 -0800][DEBUG] SELECT `questions`.`question_id` AS `question_id` FROM `questions`
[Fri, 07 Mar 14 23:15:01 -0800][DEBUG] SELECT `test_has_module`.`module_id` AS `module_id` FROM `test_has_module` WHERE `test_has_module`.`test_id` = :test
[Fri, 07 Mar 14 23:15:01 -0800][DEBUG] SELECT `questions`.`question_id`, `questions`.`questionModuleID`, `questions`.`questionText`, `questions`.`questionOptions`, `questions`.`questionMarks` FROM `questions` WHERE `questions`.`questionModuleID` IN (1) LIMIT 20 OFFSET 0
[Fri, 07 Mar 14 23:15:11 -0800][DEBUG] SELECT `test_has_module`.`module_id` AS `module_id` FROM `test_has_module` WHERE `test_has_module`.`test_id` = :test
[Fri, 07 Mar 14 23:15:11 -0800][DEBUG] SELECT `questions`.`question_id`, `questions`.`questionModuleID`, `questions`.`questionText`, `questions`.`questionOptions`, `questions`.`questionMarks` FROM `questions` WHERE `questions`.`questionModuleID` IN (1) LIMIT 20 OFFSET 0
[Fri, 07 Mar 14 23:17:37 -0800][DEBUG] SELECT `questions`.`question_id` AS `question_id` FROM `questions`
[Fri, 07 Mar 14 23:19:10 -0800][DEBUG] SELECT `questions`.`question_id` AS `question_id` FROM `questions`
[Fri, 07 Mar 14 23:20:14 -0800][DEBUG] SELECT `questions`.`question_id` AS `question_id` FROM `questions`
[Fri, 07 Mar 14 23:20:26 -0800][DEBUG] SELECT `questions`.`question_id` AS `question_id` FROM `questions`
[Fri, 07 Mar 14 23:21:11 -0800][DEBUG] SELECT `questions`.`question_id` AS `question_id` FROM `questions`
[Fri, 07 Mar 14 23:21:11 -0800][DEBUG] SELECT `questions`.`question_id` AS `question_id` FROM `questions`
[Fri, 07 Mar 14 23:51:05 -0800][DEBUG] SELECT `test_has_module`.`module_id` AS `module_id` FROM `test_has_module` WHERE `test_has_module`.`test_id` = :test
[Fri, 07 Mar 14 23:51:05 -0800][DEBUG] SELECT IF(COUNT(*)>0, 1 , 0) FROM `INFORMATION_SCHEMA`.`TABLES` WHERE `TABLE_NAME`='questions'
[Fri, 07 Mar 14 23:51:05 -0800][DEBUG] DESCRIBE `questions`
[Fri, 07 Mar 14 23:51:05 -0800][DEBUG] SELECT `questions`.`question_id`, `questions`.`questionModuleID`, `questions`.`questionText`, `questions`.`questionOptions`, `questions`.`questionMarks` FROM `questions` WHERE `questions`.`questionModuleID` IN (1) LIMIT 20 OFFSET 22
[Sat, 08 Mar 14 00:07:27 -0800][DEBUG] SELECT * FROM questions q
                JOIN module m
                ON q.questionModuleID = m.module_id
[Sat, 08 Mar 14 00:07:33 -0800][DEBUG] SELECT * FROM questions q
                JOIN module m
                ON q.questionModuleID = m.module_id
[Sat, 08 Mar 14 00:09:49 -0800][DEBUG] SELECT * FROM questions q
                WHERE q.questionModuleID = 2
                JOIN module m
                ON q.questionModuleID = m.module_id
[Sat, 08 Mar 14 00:10:12 -0800][DEBUG] SELECT * FROM questions q
                WHERE questionModuleID = 2
                JOIN module m
                ON q.questionModuleID = m.module_id
[Sat, 08 Mar 14 00:10:14 -0800][DEBUG] SELECT * FROM questions q
                WHERE questionModuleID = 2
                JOIN module m
                ON q.questionModuleID = m.module_id
[Sat, 08 Mar 14 00:12:07 -0800][DEBUG] SELECT * FROM questions q
                JOIN module m
                ON q.questionModuleID = m.module_id
                WHERE q.questionModuleID=2
[Sat, 08 Mar 14 00:12:15 -0800][DEBUG] SELECT * FROM questions q
                JOIN module m
                ON q.questionModuleID = m.module_id
                WHERE q.questionModuleID=2
[Sat, 08 Mar 14 00:12:20 -0800][DEBUG] SELECT * FROM questions q
                JOIN module m
                ON q.questionModuleID = m.module_id
                WHERE q.questionModuleID=2
[Sat, 08 Mar 14 00:12:27 -0800][DEBUG] SELECT * FROM questions q
                JOIN module m
                ON q.questionModuleID = m.module_id
                WHERE q.questionModuleID=2
[Sat, 08 Mar 14 00:12:30 -0800][DEBUG] SELECT * FROM questions q
                JOIN module m
                ON q.questionModuleID = m.module_id
                WHERE q.questionModuleID=2
[Sat, 08 Mar 14 00:12:34 -0800][DEBUG] SELECT * FROM questions q
                JOIN module m
                ON q.questionModuleID = m.module_id
                WHERE q.questionModuleID=2
[Sat, 08 Mar 14 00:12:39 -0800][DEBUG] SELECT * FROM questions q
                JOIN module m
                ON q.questionModuleID = m.module_id
                WHERE q.questionModuleID=2
[Sat, 08 Mar 14 00:16:31 -0800][DEBUG] SELECT * FROM questions q
                JOIN module m
                ON q.questionModuleID = m.module_id
                WHERE q.questionModuleID=2,1
[Sat, 08 Mar 14 00:19:06 -0800][DEBUG] SELECT * FROM questions q
                JOIN module m
                ON q.questionModuleID = m.module_id
                WHERE q.questionModuleID IN (1,2)
[Sat, 08 Mar 14 00:19:27 -0800][DEBUG] SELECT * FROM questions q
                JOIN module m
                ON q.questionModuleID = m.module_id
                WHERE q.questionModuleID IN (1,2,3)
[Sat, 08 Mar 14 00:19:33 -0800][DEBUG] SELECT * FROM questions q
                JOIN module m
                ON q.questionModuleID = m.module_id
                WHERE q.questionModuleID IN (1,2,3)
[Sat, 08 Mar 14 00:19:42 -0800][DEBUG] SELECT * FROM questions q
                JOIN module m
                ON q.questionModuleID = m.module_id
                WHERE q.questionModuleID IN (1,2)
[Sat, 08 Mar 14 02:24:50 -0800][DEBUG] SELECT * FROM questions q
                JOIN module m
                ON q.questionModuleID = m.module_id
                WHERE q.questionModuleID IN (1)
[Sat, 08 Mar 14 02:25:34 -0800][DEBUG] SELECT * FROM questions q
                JOIN module m
                ON q.questionModuleID = m.module_id
                WHERE q.questionModuleID IN (1)
[Sat, 08 Mar 14 02:26:35 -0800][DEBUG] SELECT IF(COUNT(*)>0, 1 , 0) FROM `INFORMATION_SCHEMA`.`TABLES` WHERE `TABLE_NAME`='users'
[Sat, 08 Mar 14 02:26:35 -0800][DEBUG] DESCRIBE `users`
[Sat, 08 Mar 14 02:26:35 -0800][DEBUG] INSERT INTO `users` (`userName`, `userUsername`, `userPassword`, `mustChangePassword`, `userProfilesId`, `userSecretKey`, `userIsActive`, `userIsBanned`, `userIsSuspended`) VALUES (?, ?, ?, null, ?, null, ?, ?, ?)
[Sat, 08 Mar 14 02:32:24 -0800][DEBUG] SELECT `users`.`id`, `users`.`userName`, `users`.`userUsername`, `users`.`userPassword`, `users`.`mustChangePassword`, `users`.`userProfilesId`, `users`.`userSecretKey`, `users`.`userIsActive`, `users`.`userIsBanned`, `users`.`userIsSuspended` FROM `users` WHERE `users`.`userUsername` = :0 LIMIT 1
[Sat, 08 Mar 14 02:37:22 -0800][DEBUG] SELECT `users`.`id`, `users`.`userName`, `users`.`userUsername`, `users`.`userPassword`, `users`.`mustChangePassword`, `users`.`userProfilesId`, `users`.`userSecretKey`, `users`.`userIsActive`, `users`.`userIsBanned`, `users`.`userIsSuspended` FROM `users` WHERE `users`.`userUsername` = :0 LIMIT 1
[Sat, 08 Mar 14 02:37:23 -0800][DEBUG] SELECT IF(COUNT(*)>0, 1 , 0) FROM `INFORMATION_SCHEMA`.`TABLES` WHERE `TABLE_NAME`='success_logins'
[Sat, 08 Mar 14 02:37:23 -0800][DEBUG] DESCRIBE `success_logins`
[Sat, 08 Mar 14 02:37:23 -0800][DEBUG] INSERT INTO `success_logins` (`usersId`, `ipAddress`, `userAgent`) VALUES (?, ?, ?)
[Sat, 08 Mar 14 02:38:42 -0800][DEBUG] SELECT * FROM questions q
                JOIN module m
                ON q.questionModuleID = m.module_id
                WHERE q.questionModuleID IN (1)
[Sat, 08 Mar 14 02:40:08 -0800][DEBUG] SELECT * FROM questions q
                JOIN module m
                ON q.questionModuleID = m.module_id
                WHERE q.questionModuleID IN (1)
[Sat, 08 Mar 14 02:40:26 -0800][DEBUG] SELECT * FROM questions q
                JOIN module m
                ON q.questionModuleID = m.module_id
                WHERE q.questionModuleID IN (1)
[Sat, 08 Mar 14 02:40:28 -0800][DEBUG] SELECT * FROM questions q
                JOIN module m
                ON q.questionModuleID = m.module_id
                WHERE q.questionModuleID IN (1)
[Sat, 08 Mar 14 02:40:31 -0800][DEBUG] SELECT * FROM questions q
                JOIN module m
                ON q.questionModuleID = m.module_id
                WHERE q.questionModuleID IN (1)
[Sat, 08 Mar 14 02:43:13 -0800][DEBUG] SELECT `users`.`id`, `users`.`userName`, `users`.`userUsername`, `users`.`userPassword`, `users`.`mustChangePassword`, `users`.`userProfilesId`, `users`.`userSecretKey`, `users`.`userIsActive`, `users`.`userIsBanned`, `users`.`userIsSuspended` FROM `users` WHERE `users`.`userUsername` = :0 LIMIT 1
[Sat, 08 Mar 14 02:43:13 -0800][DEBUG] INSERT INTO `success_logins` (`usersId`, `ipAddress`, `userAgent`) VALUES (?, ?, ?)
[Sat, 08 Mar 14 02:52:46 -0800][DEBUG] SELECT `users`.`id`, `users`.`userName`, `users`.`userUsername`, `users`.`userPassword`, `users`.`mustChangePassword`, `users`.`userProfilesId`, `users`.`userSecretKey`, `users`.`userIsActive`, `users`.`userIsBanned`, `users`.`userIsSuspended` FROM `users` WHERE `users`.`id` = :0 LIMIT 1
